<?xml version="1.0" encoding="UTF-8"?>
<!-- Generated by org.testng.reporters.JUnitXMLReporter -->
<testsuite hostname="DESKTOP-3JC72G1" ignored="2" name="waits" tests="10" failures="0" timestamp="2023-06-09T07:59:25 IST" time="16.456" errors="0">
  <testcase name="homePage" time="1.929" classname="testNG.Nop_Commerce"/>
  <testcase name="computerOptionPage" time="1.048" classname="testNG.Nop_Commerce"/>
  <testcase name="appleProductPage" time="2.568" classname="testNG.Nop_Commerce"/>
  <testcase name="shopCartPage" time="3.435" classname="testNG.Nop_Commerce"/>
  <testcase name="checkOut" time="1.648" classname="testNG.Nop_Commerce"/>
  <testcase name="billingAddressPage" time="1.532" classname="testNG.Nop_Commerce"/>
  <testcase name="shipMethodPage" time="0.783" classname="testNG.Nop_Commerce"/>
  <testcase name="paymentMethodPage" time="0.261" classname="testNG.Nop_Commerce"/>
  <testcase name="paymentInfoPage" time="0.587" classname="testNG.Nop_Commerce"/>
  <testcase name="confirmOrderPage" time="0.398" classname="testNG.Nop_Commerce"/>
  <testcase name="hpProductPage" time="0.0" classname="testNG.Nop_Commerce">
    <ignored/>
  </testcase> <!-- hpProductPage -->
  <testcase name="returnHomePage" time="0.0" classname="testNG.Nop_Commerce">
    <ignored/>
  </testcase> <!-- returnHomePage -->
</testsuite> <!-- waits -->
