<?xml version="1.0" encoding="UTF-8"?>
<!-- Generated by org.testng.reporters.JUnitXMLReporter -->
<testsuite hostname="DESKTOP-3JC72G1" ignored="8" name="apparel" tests="6" failures="1" timestamp="2023-06-13T14:09:13 IST" time="0.114" errors="0">
  <testcase name="@AfterMethod screenshot" time="0.002" classname="completeTest.NopCommerceComputer">
    <failure type="java.lang.NullPointerException">
      <![CDATA[java.lang.NullPointerException
at com.resources.BaseClass.screenShotPage(BaseClass.java:222)
at completeTest.NopCommerceComputer.screenshot(NopCommerceComputer.java:102)
at java.util.ArrayList.forEach(ArrayList.java:1259)
at java.util.concurrent.FutureTask.run(FutureTask.java:266)
at java.util.concurrent.ThreadPoolExecutor.runWorker(ThreadPoolExecutor.java:1149)
at java.util.concurrent.ThreadPoolExecutor$Worker.run(ThreadPoolExecutor.java:624)
at java.lang.Thread.run(Thread.java:750)
... Removed 23 stack frames]]>
    </failure>
  </testcase> <!-- @AfterMethod screenshot -->
  <testcase name="@AfterMethod screenshot" time="0.004" classname="completeTest.NopCommerceApparel">
    <failure type="java.lang.NullPointerException">
      <![CDATA[java.lang.NullPointerException
at com.resources.BaseClass.screenShotPage(BaseClass.java:222)
at completeTest.NopCommerceApparel.screenshot(NopCommerceApparel.java:99)
at java.util.ArrayList.forEach(ArrayList.java:1259)
at java.util.concurrent.FutureTask.run(FutureTask.java:266)
at java.util.concurrent.ThreadPoolExecutor.runWorker(ThreadPoolExecutor.java:1149)
at java.util.concurrent.ThreadPoolExecutor$Worker.run(ThreadPoolExecutor.java:624)
at java.lang.Thread.run(Thread.java:750)
... Removed 23 stack frames]]>
    </failure>
  </testcase> <!-- @AfterMethod screenshot -->
  <testcase name="@AfterMethod screenshot" time="0.0" classname="completeTest.NopCommerceApparel">
    <failure type="java.lang.NullPointerException">
      <![CDATA[java.lang.NullPointerException
at com.resources.BaseClass.screenShotPage(BaseClass.java:222)
at completeTest.NopCommerceApparel.screenshot(NopCommerceApparel.java:99)
at java.util.ArrayList.forEach(ArrayList.java:1259)
at java.util.concurrent.FutureTask.run(FutureTask.java:266)
at java.util.concurrent.ThreadPoolExecutor.runWorker(ThreadPoolExecutor.java:1149)
at java.util.concurrent.ThreadPoolExecutor$Worker.run(ThreadPoolExecutor.java:624)
at java.lang.Thread.run(Thread.java:750)
... Removed 23 stack frames]]>
    </failure>
  </testcase> <!-- @AfterMethod screenshot -->
  <testcase name="@AfterMethod screenshot" time="0.0" classname="completeTest.NopCommerceComputer">
    <failure type="java.lang.NullPointerException">
      <![CDATA[java.lang.NullPointerException
at com.resources.BaseClass.screenShotPage(BaseClass.java:222)
at completeTest.NopCommerceComputer.screenshot(NopCommerceComputer.java:102)
at java.util.ArrayList.forEach(ArrayList.java:1259)
at java.util.concurrent.FutureTask.run(FutureTask.java:266)
at java.util.concurrent.ThreadPoolExecutor.runWorker(ThreadPoolExecutor.java:1149)
at java.util.concurrent.ThreadPoolExecutor$Worker.run(ThreadPoolExecutor.java:624)
at java.lang.Thread.run(Thread.java:750)
... Removed 23 stack frames]]>
    </failure>
  </testcase> <!-- @AfterMethod screenshot -->
  <testcase name="@AfterMethod screenshot" time="0.001" classname="completeTest.NopCommerceApparel">
    <failure type="java.lang.NullPointerException">
      <![CDATA[java.lang.NullPointerException
at com.resources.BaseClass.screenShotPage(BaseClass.java:222)
at completeTest.NopCommerceApparel.screenshot(NopCommerceApparel.java:99)
at java.util.ArrayList.forEach(ArrayList.java:1259)
at java.util.concurrent.FutureTask.run(FutureTask.java:266)
at java.util.concurrent.ThreadPoolExecutor.runWorker(ThreadPoolExecutor.java:1149)
at java.util.concurrent.ThreadPoolExecutor$Worker.run(ThreadPoolExecutor.java:624)
at java.lang.Thread.run(Thread.java:750)
... Removed 23 stack frames]]>
    </failure>
  </testcase> <!-- @AfterMethod screenshot -->
  <testcase name="@AfterMethod screenshot" time="0.001" classname="completeTest.NopCommerceComputer">
    <failure type="java.lang.NullPointerException">
      <![CDATA[java.lang.NullPointerException
at com.resources.BaseClass.screenShotPage(BaseClass.java:222)
at completeTest.NopCommerceComputer.screenshot(NopCommerceComputer.java:102)
at java.util.ArrayList.forEach(ArrayList.java:1259)
at java.util.concurrent.FutureTask.run(FutureTask.java:266)
at java.util.concurrent.ThreadPoolExecutor.runWorker(ThreadPoolExecutor.java:1149)
at java.util.concurrent.ThreadPoolExecutor$Worker.run(ThreadPoolExecutor.java:624)
at java.lang.Thread.run(Thread.java:750)
... Removed 23 stack frames]]>
    </failure>
  </testcase> <!-- @AfterMethod screenshot -->
  <testcase name="shoes" time="0.009" classname="completeTest.NopCommerceApparel">
    <failure type="java.lang.NullPointerException">
      <![CDATA[java.lang.NullPointerException
at com.resources.BaseClass.reload(BaseClass.java:137)
at completeTest.NopCommerceApparel.shoes(NopCommerceApparel.java:23)
at java.util.ArrayList.forEach(ArrayList.java:1259)
at java.util.concurrent.FutureTask.run(FutureTask.java:266)
at java.util.concurrent.ThreadPoolExecutor.runWorker(ThreadPoolExecutor.java:1149)
at java.util.concurrent.ThreadPoolExecutor$Worker.run(ThreadPoolExecutor.java:624)
at java.lang.Thread.run(Thread.java:750)
... Removed 18 stack frames]]>
    </failure>
  </testcase> <!-- shoes -->
  <testcase name="adidasCampus" time="0.0" classname="completeTest.NopCommerceApparel">
    <skipped/>
  </testcase> <!-- adidasCampus -->
  <testcase name="clothing" time="0.0" classname="completeTest.NopCommerceApparel">
    <skipped/>
  </testcase> <!-- clothing -->
  <testcase name="customTshirt" time="0.0" classname="completeTest.NopCommerceApparel">
    <skipped/>
  </testcase> <!-- customTshirt -->
  <testcase name="accesories" time="0.0" classname="completeTest.NopCommerceApparel">
    <skipped/>
  </testcase> <!-- accesories -->
  <testcase name="obeyHat" time="0.0" classname="completeTest.NopCommerceApparel">
    <skipped/>
  </testcase> <!-- obeyHat -->
  <testcase name="nikeRoshe" time="0.0" classname="completeTest.NopCommerceApparel">
    <ignored/>
  </testcase> <!-- nikeRoshe -->
  <testcase name="startUp" time="0.0" classname="completeTest.NopCommerceApparel">
    <ignored/>
  </testcase> <!-- startUp -->
  <testcase name="nikeMint" time="0.0" classname="completeTest.NopCommerceApparel">
    <ignored/>
  </testcase> <!-- nikeMint -->
  <testcase name="levis511Jeans" time="0.0" classname="completeTest.NopCommerceApparel">
    <ignored/>
  </testcase> <!-- levis511Jeans -->
  <testcase name="reversibleBelt" time="0.0" classname="completeTest.NopCommerceApparel">
    <ignored/>
  </testcase> <!-- reversibleBelt -->
  <testcase name="overSizedTshirt" time="0.0" classname="completeTest.NopCommerceApparel">
    <ignored/>
  </testcase> <!-- overSizedTshirt -->
  <testcase name="nikeTshirt" time="0.0" classname="completeTest.NopCommerceApparel">
    <ignored/>
  </testcase> <!-- nikeTshirt -->
  <testcase name="rayBanSunglass" time="0.0" classname="completeTest.NopCommerceApparel">
    <ignored/>
  </testcase> <!-- rayBanSunglass -->
</testsuite> <!-- apparel -->
