<?xml version="1.0" encoding="UTF-8"?>
<!-- Generated by org.testng.reporters.JUnitXMLReporter -->
<testsuite hostname="DESKTOP-3JC72G1" ignored="7" name="apparels" tests="7" failures="0" timestamp="2023-06-13T19:44:59 IST" time="36.48" errors="0">
  <testcase name="startUp" time="8.106" classname="completeTest.NopCommerceApparel"/>
  <testcase name="shoes" time="5.436" classname="completeTest.NopCommerceApparel"/>
  <testcase name="adidasCampus" time="4.732" classname="completeTest.NopCommerceApparel"/>
  <testcase name="clothing" time="4.405" classname="completeTest.NopCommerceApparel"/>
  <testcase name="customTshirt" time="3.048" classname="completeTest.NopCommerceApparel"/>
  <testcase name="accesories" time="3.206" classname="completeTest.NopCommerceApparel"/>
  <testcase name="obeyHat" time="3.782" classname="completeTest.NopCommerceApparel"/>
  <testcase name="nikeRoshe" time="0.0" classname="completeTest.NopCommerceApparel">
    <ignored/>
  </testcase> <!-- nikeRoshe -->
  <testcase name="nikeMint" time="0.0" classname="completeTest.NopCommerceApparel">
    <ignored/>
  </testcase> <!-- nikeMint -->
  <testcase name="levis511Jeans" time="0.0" classname="completeTest.NopCommerceApparel">
    <ignored/>
  </testcase> <!-- levis511Jeans -->
  <testcase name="reversibleBelt" time="0.0" classname="completeTest.NopCommerceApparel">
    <ignored/>
  </testcase> <!-- reversibleBelt -->
  <testcase name="overSizedTshirt" time="0.0" classname="completeTest.NopCommerceApparel">
    <ignored/>
  </testcase> <!-- overSizedTshirt -->
  <testcase name="nikeTshirt" time="0.0" classname="completeTest.NopCommerceApparel">
    <ignored/>
  </testcase> <!-- nikeTshirt -->
  <testcase name="rayBanSunglass" time="0.0" classname="completeTest.NopCommerceApparel">
    <ignored/>
  </testcase> <!-- rayBanSunglass -->
</testsuite> <!-- apparels -->
