<?xml version="1.0" encoding="UTF-8"?>
<!-- Generated by org.testng.reporters.JUnitXMLReporter -->
<testsuite hostname="DESKTOP-3JC72G1" ignored="0" name="books" tests="4" failures="0" timestamp="2023-06-13T19:44:41 IST" time="18.972" errors="0">
  <testcase name="startUp" time="8.204" classname="completeTest.NopCommerceBooks"/>
  <testcase name="farenheit451" time="3.671" classname="completeTest.NopCommerceBooks"/>
  <testcase name="prizePies" time="1.718" classname="completeTest.NopCommerceBooks"/>
  <testcase name="prideAndPrejudice" time="2.033" classname="completeTest.NopCommerceBooks"/>
</testsuite> <!-- books -->
