<?xml version="1.0" encoding="UTF-8"?>
<!-- Generated by org.testng.reporters.JUnitXMLReporter -->
<testsuite hostname="DESKTOP-3JC72G1" ignored="8" name="browserStartup" tests="6" failures="0" timestamp="2023-06-12T13:16:58 IST" time="15.289" errors="0">
  <testcase name="deskTop" time="2.987" classname="completeTest.NopCommerceComputer"/>
  <testcase name="cpu" time="3.639" classname="completeTest.NopCommerceComputer"/>
  <testcase name="noteBooks" time="1.995" classname="completeTest.NopCommerceComputer"/>
  <testcase name="appleMac" time="2.752" classname="completeTest.NopCommerceComputer"/>
  <testcase name="softWare" time="1.921" classname="completeTest.NopCommerceComputer"/>
  <testcase name="windows8" time="0.703" classname="completeTest.NopCommerceComputer"/>
  <testcase name="lenovoThinkpad" time="0.0" classname="completeTest.NopCommerceComputer">
    <ignored/>
  </testcase> <!-- lenovoThinkpad -->
  <testcase name="asusN551" time="0.0" classname="completeTest.NopCommerceComputer">
    <ignored/>
  </testcase> <!-- asusN551 -->
  <testcase name="soundForge" time="0.0" classname="completeTest.NopCommerceComputer">
    <ignored/>
  </testcase> <!-- soundForge -->
  <testcase name="lenevoIdeaCentre" time="0.0" classname="completeTest.NopCommerceComputer">
    <ignored/>
  </testcase> <!-- lenevoIdeaCentre -->
  <testcase name="hpSpectre" time="0.0" classname="completeTest.NopCommerceComputer">
    <ignored/>
  </testcase> <!-- hpSpectre -->
  <testcase name="samsungUltrabook" time="0.0" classname="completeTest.NopCommerceComputer">
    <ignored/>
  </testcase> <!-- samsungUltrabook -->
  <testcase name="hpEnvy" time="0.0" classname="completeTest.NopCommerceComputer">
    <ignored/>
  </testcase> <!-- hpEnvy -->
  <testcase name="customPC" time="0.0" classname="completeTest.NopCommerceComputer">
    <ignored/>
  </testcase> <!-- customPC -->
</testsuite> <!-- browserStartup -->
