<?xml version="1.0" encoding="UTF-8"?>
<!-- Generated by org.testng.reporters.JUnitXMLReporter -->
<testsuite hostname="DESKTOP-3JC72G1" ignored="8" name="computers" tests="7" failures="0" timestamp="2023-06-13T19:44:56 IST" time="33.6" errors="0">
  <testcase name="startUp" time="8.106" classname="completeTest.NopCommerceComputer"/>
  <testcase name="deskTop" time="3.383" classname="completeTest.NopCommerceComputer"/>
  <testcase name="cpu" time="5.604" classname="completeTest.NopCommerceComputer"/>
  <testcase name="noteBooks" time="3.984" classname="completeTest.NopCommerceComputer"/>
  <testcase name="appleMac" time="4.513" classname="completeTest.NopCommerceComputer"/>
  <testcase name="softWare" time="3.332" classname="completeTest.NopCommerceComputer"/>
  <testcase name="windows8" time="0.821" classname="completeTest.NopCommerceComputer"/>
  <testcase name="lenovoThinkpad" time="0.0" classname="completeTest.NopCommerceComputer">
    <ignored/>
  </testcase> <!-- lenovoThinkpad -->
  <testcase name="asusN551" time="0.0" classname="completeTest.NopCommerceComputer">
    <ignored/>
  </testcase> <!-- asusN551 -->
  <testcase name="soundForge" time="0.0" classname="completeTest.NopCommerceComputer">
    <ignored/>
  </testcase> <!-- soundForge -->
  <testcase name="lenevoIdeaCentre" time="0.0" classname="completeTest.NopCommerceComputer">
    <ignored/>
  </testcase> <!-- lenevoIdeaCentre -->
  <testcase name="hpSpectre" time="0.0" classname="completeTest.NopCommerceComputer">
    <ignored/>
  </testcase> <!-- hpSpectre -->
  <testcase name="samsungUltrabook" time="0.0" classname="completeTest.NopCommerceComputer">
    <ignored/>
  </testcase> <!-- samsungUltrabook -->
  <testcase name="hpEnvy" time="0.0" classname="completeTest.NopCommerceComputer">
    <ignored/>
  </testcase> <!-- hpEnvy -->
  <testcase name="customPC" time="0.0" classname="completeTest.NopCommerceComputer">
    <ignored/>
  </testcase> <!-- customPC -->
</testsuite> <!-- computers -->
