<?xml version="1.0" encoding="UTF-8"?>
<!-- Generated by org.testng.reporters.JUnitXMLReporter -->
<testsuite hostname="DESKTOP-3JC72G1" ignored="9" name="computer" tests="6" failures="1" timestamp="2023-06-13T14:09:13 IST" time="0.117" errors="0">
  <testcase name="@AfterMethod screenshot" time="0.002" classname="completeTest.NopCommerceComputer">
    <failure type="java.lang.NullPointerException">
      <![CDATA[java.lang.NullPointerException
at com.resources.BaseClass.screenShotPage(BaseClass.java:222)
at completeTest.NopCommerceComputer.screenshot(NopCommerceComputer.java:102)
at java.util.ArrayList.forEach(ArrayList.java:1259)
at java.util.concurrent.FutureTask.run(FutureTask.java:266)
at java.util.concurrent.ThreadPoolExecutor.runWorker(ThreadPoolExecutor.java:1149)
at java.util.concurrent.ThreadPoolExecutor$Worker.run(ThreadPoolExecutor.java:624)
at java.lang.Thread.run(Thread.java:750)
... Removed 23 stack frames]]>
    </failure>
  </testcase> <!-- @AfterMethod screenshot -->
  <testcase name="@AfterMethod screenshot" time="0.0" classname="completeTest.NopCommerceComputer">
    <failure type="java.lang.NullPointerException">
      <![CDATA[java.lang.NullPointerException
at com.resources.BaseClass.screenShotPage(BaseClass.java:222)
at completeTest.NopCommerceComputer.screenshot(NopCommerceComputer.java:102)
at java.util.ArrayList.forEach(ArrayList.java:1259)
at java.util.concurrent.FutureTask.run(FutureTask.java:266)
at java.util.concurrent.ThreadPoolExecutor.runWorker(ThreadPoolExecutor.java:1149)
at java.util.concurrent.ThreadPoolExecutor$Worker.run(ThreadPoolExecutor.java:624)
at java.lang.Thread.run(Thread.java:750)
... Removed 23 stack frames]]>
    </failure>
  </testcase> <!-- @AfterMethod screenshot -->
  <testcase name="@AfterMethod screenshot" time="0.001" classname="completeTest.NopCommerceComputer">
    <failure type="java.lang.NullPointerException">
      <![CDATA[java.lang.NullPointerException
at com.resources.BaseClass.screenShotPage(BaseClass.java:222)
at completeTest.NopCommerceComputer.screenshot(NopCommerceComputer.java:102)
at java.util.ArrayList.forEach(ArrayList.java:1259)
at java.util.concurrent.FutureTask.run(FutureTask.java:266)
at java.util.concurrent.ThreadPoolExecutor.runWorker(ThreadPoolExecutor.java:1149)
at java.util.concurrent.ThreadPoolExecutor$Worker.run(ThreadPoolExecutor.java:624)
at java.lang.Thread.run(Thread.java:750)
... Removed 23 stack frames]]>
    </failure>
  </testcase> <!-- @AfterMethod screenshot -->
  <testcase name="deskTop" time="0.009" classname="completeTest.NopCommerceComputer">
    <failure type="java.lang.NullPointerException">
      <![CDATA[java.lang.NullPointerException
at com.resources.BaseClass.reload(BaseClass.java:137)
at completeTest.NopCommerceComputer.deskTop(NopCommerceComputer.java:23)
at java.util.ArrayList.forEach(ArrayList.java:1259)
at java.util.concurrent.FutureTask.run(FutureTask.java:266)
at java.util.concurrent.ThreadPoolExecutor.runWorker(ThreadPoolExecutor.java:1149)
at java.util.concurrent.ThreadPoolExecutor$Worker.run(ThreadPoolExecutor.java:624)
at java.lang.Thread.run(Thread.java:750)
... Removed 18 stack frames]]>
    </failure>
  </testcase> <!-- deskTop -->
  <testcase name="cpu" time="0.0" classname="completeTest.NopCommerceComputer">
    <skipped/>
  </testcase> <!-- cpu -->
  <testcase name="noteBooks" time="0.0" classname="completeTest.NopCommerceComputer">
    <skipped/>
  </testcase> <!-- noteBooks -->
  <testcase name="appleMac" time="0.0" classname="completeTest.NopCommerceComputer">
    <skipped/>
  </testcase> <!-- appleMac -->
  <testcase name="softWare" time="0.0" classname="completeTest.NopCommerceComputer">
    <skipped/>
  </testcase> <!-- softWare -->
  <testcase name="windows8" time="0.0" classname="completeTest.NopCommerceComputer">
    <skipped/>
  </testcase> <!-- windows8 -->
  <testcase name="lenovoThinkpad" time="0.0" classname="completeTest.NopCommerceComputer">
    <ignored/>
  </testcase> <!-- lenovoThinkpad -->
  <testcase name="asusN551" time="0.0" classname="completeTest.NopCommerceComputer">
    <ignored/>
  </testcase> <!-- asusN551 -->
  <testcase name="soundForge" time="0.0" classname="completeTest.NopCommerceComputer">
    <ignored/>
  </testcase> <!-- soundForge -->
  <testcase name="lenevoIdeaCentre" time="0.0" classname="completeTest.NopCommerceComputer">
    <ignored/>
  </testcase> <!-- lenevoIdeaCentre -->
  <testcase name="hpSpectre" time="0.0" classname="completeTest.NopCommerceComputer">
    <ignored/>
  </testcase> <!-- hpSpectre -->
  <testcase name="samsungUltrabook" time="0.0" classname="completeTest.NopCommerceComputer">
    <ignored/>
  </testcase> <!-- samsungUltrabook -->
  <testcase name="hpEnvy" time="0.0" classname="completeTest.NopCommerceComputer">
    <ignored/>
  </testcase> <!-- hpEnvy -->
  <testcase name="startUp" time="0.0" classname="completeTest.NopCommerceComputer">
    <ignored/>
  </testcase> <!-- startUp -->
  <testcase name="customPC" time="0.0" classname="completeTest.NopCommerceComputer">
    <ignored/>
  </testcase> <!-- customPC -->
</testsuite> <!-- computer -->
