<?xml version="1.0" encoding="UTF-8"?>
<!-- Generated by org.testng.reporters.JUnitXMLReporter -->
<testsuite hostname="DESKTOP-3JC72G1" ignored="0" name="digitalDownloads" tests="4" failures="0" timestamp="2023-06-13T19:44:50 IST" time="28.034" errors="0">
  <testcase name="startUp" time="8.106" classname="completeTest.NopCommerceDigitalDownloads"/>
  <testcase name="ifYouWant" time="6.959" classname="completeTest.NopCommerceDigitalDownloads"/>
  <testcase name="nightVision" time="2.38" classname="completeTest.NopCommerceDigitalDownloads"/>
  <testcase name="scienceFaith" time="6.011" classname="completeTest.NopCommerceDigitalDownloads"/>
</testsuite> <!-- digitalDownloads -->
