<?xml version="1.0" encoding="UTF-8"?>
<!-- Generated by org.testng.reporters.JUnitXMLReporter -->
<testsuite hostname="DESKTOP-3JC72G1" ignored="5" name="electronics" tests="7" failures="0" timestamp="2023-06-13T19:44:50 IST" time="28.203" errors="0">
  <testcase name="startUp" time="8.11" classname="completeTest.NopCommerceElectronics"/>
  <testcase name="cameraPhoto" time="5.09" classname="completeTest.NopCommerceElectronics"/>
  <testcase name="nikonDslr" time="3.673" classname="completeTest.NopCommerceElectronics"/>
  <testcase name="cellPhone" time="3.431" classname="completeTest.NopCommerceElectronics"/>
  <testcase name="htcMini" time="0.222" classname="completeTest.NopCommerceElectronics"/>
  <testcase name="othersOption" time="3.055" classname="completeTest.NopCommerceElectronics"/>
  <testcase name="portableSpeakers" time="0.155" classname="completeTest.NopCommerceElectronics"/>
  <testcase name="uniTabletCover" time="0.0" classname="completeTest.NopCommerceElectronics">
    <ignored/>
  </testcase> <!-- uniTabletCover -->
  <testcase name="htcOneM8" time="0.0" classname="completeTest.NopCommerceElectronics">
    <ignored/>
  </testcase> <!-- htcOneM8 -->
  <testcase name="leicaDigitalCamera" time="0.0" classname="completeTest.NopCommerceElectronics">
    <ignored/>
  </testcase> <!-- leicaDigitalCamera -->
  <testcase name="nokiaLumia" time="0.0" classname="completeTest.NopCommerceElectronics">
    <ignored/>
  </testcase> <!-- nokiaLumia -->
  <testcase name="beatsPillSpeaker" time="0.0" classname="completeTest.NopCommerceElectronics">
    <ignored/>
  </testcase> <!-- beatsPillSpeaker -->
</testsuite> <!-- electronics -->
