<?xml version="1.0" encoding="UTF-8"?>
<!-- Generated by org.testng.reporters.JUnitXMLReporter -->
<testsuite hostname="DESKTOP-3JC72G1" ignored="0" name="giftCards" tests="4" failures="0" timestamp="2023-06-13T19:45:14 IST" time="23.505" errors="0">
  <testcase name="startUp" time="6.364" classname="completeTest.NopCommerceGiftCards"/>
  <testcase name="virtualGiftCard" time="4.653" classname="completeTest.NopCommerceGiftCards"/>
  <testcase name="physicalGiftCard50" time="4.713" classname="completeTest.NopCommerceGiftCards"/>
  <testcase name="physicalGiftCard100" time="6.035" classname="completeTest.NopCommerceGiftCards"/>
</testsuite> <!-- giftCards -->
