<?xml version="1.0" encoding="UTF-8"?>
<!-- Generated by org.testng.reporters.JUnitXMLReporter -->
<testsuite hostname="DESKTOP-3JC72G1" ignored="0" name="jewelry" tests="4" failures="0" timestamp="2023-06-13T19:44:58 IST" time="16.704" errors="0">
  <testcase name="startUp" time="4.964" classname="completeTest.NopCommerceJewelry"/>
  <testcase name="gemNecklace" time="4.885" classname="completeTest.NopCommerceJewelry"/>
  <testcase name="flowerBracelet" time="2.112" classname="completeTest.NopCommerceJewelry"/>
  <testcase name="vintageRing" time="1.593" classname="completeTest.NopCommerceJewelry"/>
</testsuite> <!-- jewelry -->
