<?xml version="1.0" encoding="UTF-8"?>
<!-- Generated by org.testng.reporters.JUnitXMLReporter -->
<testsuite hostname="DESKTOP-3JC72G1" ignored="1" name="orderCompletion" tests="7" failures="0" timestamp="2023-06-13T02:26:35 IST" time="10.558" errors="0">
  <testcase name="setUp" time="1.317" classname="completeTest.NopCommerceOrderCompletion"/>
  <testcase name="shopCartPage" time="3.067" classname="completeTest.NopCommerceOrderCompletion"/>
  <testcase name="checkOut" time="1.517" classname="completeTest.NopCommerceOrderCompletion"/>
  <testcase name="billingAddressPage" time="1.64" classname="completeTest.NopCommerceOrderCompletion"/>
  <testcase name="paymentMethodPage" time="0.515" classname="completeTest.NopCommerceOrderCompletion"/>
  <testcase name="paymentInfoPage" time="0.257" classname="completeTest.NopCommerceOrderCompletion"/>
  <testcase name="confirmOrderPage" time="0.536" classname="completeTest.NopCommerceOrderCompletion"/>
  <testcase name="shipMethodPage" time="0.0" classname="completeTest.NopCommerceOrderCompletion">
    <ignored/>
  </testcase> <!-- shipMethodPage -->
</testsuite> <!-- orderCompletion -->
