<?xml version="1.0" encoding="UTF-8"?>
<!-- Generated by org.testng.reporters.JUnitXMLReporter -->
<testsuite hostname="DESKTOP-3JC72G1" ignored="0" name="sauceDemo1" tests="7" failures="0" timestamp="2023-06-13T13:37:18 IST" time="9.905" errors="0">
  <testcase name="browser1" time="7.116" classname="testNG.SauceDemo1"/>
  <testcase name="login1" time="0.456" classname="testNG.SauceDemo1"/>
  <testcase name="addToCart1" time="0.463" classname="testNG.SauceDemo1"/>
  <testcase name="checkOut1" time="0.099" classname="testNG.SauceDemo1"/>
  <testcase name="personalDetails1" time="0.628" classname="testNG.SauceDemo1"/>
  <testcase name="finishOrder1" time="0.211" classname="testNG.SauceDemo1"/>
  <testcase name="tearDown1" time="0.794" classname="testNG.SauceDemo1"/>
</testsuite> <!-- sauceDemo1 -->
