<?xml version="1.0" encoding="UTF-8"?>
<!-- Generated by org.testng.reporters.JUnitXMLReporter -->
<testsuite hostname="DESKTOP-3JC72G1" ignored="0" name="sauceDemo" tests="7" failures="0" timestamp="2023-06-13T13:37:18 IST" time="9.888" errors="0">
  <testcase name="browser" time="7.116" classname="threadLocal.SauceDemoParallel"/>
  <testcase name="login" time="0.456" classname="threadLocal.SauceDemoParallel"/>
  <testcase name="addToCart" time="0.464" classname="threadLocal.SauceDemoParallel"/>
  <testcase name="checkOut" time="0.112" classname="threadLocal.SauceDemoParallel"/>
  <testcase name="personalDetails" time="0.619" classname="threadLocal.SauceDemoParallel"/>
  <testcase name="finishOrder" time="0.218" classname="threadLocal.SauceDemoParallel"/>
  <testcase name="tearDown" time="0.773" classname="threadLocal.SauceDemoParallel"/>
</testsuite> <!-- sauceDemo -->
